<?xml version="1.0" encoding="UTF-8"?>
<testng-results total="1" passed="1" failed="0" skipped="0">
  <reporter-output>
    <line>
      <![CDATA[About to begin executing Suite NspiraHrmsPortal]]>
    </line>
    <line>
      <![CDATA[About to begin executing Test CreateNewUserr]]>
    </line>
    <line>
      <![CDATA[About to begin executing following method : AbstractTestNGCucumberTests.setUpClass]]>
    </line>
    <line>
      <![CDATA[Completed executing following method : AbstractTestNGCucumberTests.setUpClass]]>
    </line>
    <line>
      <![CDATA[About to begin executing following method : CreateNewUserRunner.beforeclass]]>
    </line>
    <line>
      <![CDATA[Completed executing following method : CreateNewUserRunner.beforeclass]]>
    </line>
    <line>
      <![CDATA[About to begin executing following method : AbstractTestNGCucumberTests.feature]]>
    </line>
    <line>
      <![CDATA[Completed executing following method : AbstractTestNGCucumberTests.feature]]>
    </line>
    <line>
      <![CDATA[Test Method resides in com.cucumber.TestRunner.CreateNewUserRunner]]>
    </line>
    <line>
      <![CDATA[Test Method had the following parameters : nullAdministrator - Check the flow of Create New User,]]>
    </line>
    <line>
      <![CDATA[Test Status: Pass]]>
    </line>
    <line>
      <![CDATA[About to begin executing following method : CreateNewUserRunner.testDownClass]]>
    </line>
    <line>
      <![CDATA[Completed executing following method : CreateNewUserRunner.testDownClass]]>
    </line>
    <line>
      <![CDATA[About to begin executing following method : AbstractTestNGCucumberTests.tearDownClass]]>
    </line>
    <line>
      <![CDATA[Completed executing following method : AbstractTestNGCucumberTests.tearDownClass]]>
    </line>
  </reporter-output>
  <suite started-at="2024-02-08T11:14:52Z" name="NspiraHrmsPortal" finished-at="2024-02-08T11:24:47Z" duration-ms="594649">
    <groups>
      <group name="cucumber">
        <method signature="AbstractTestNGCucumberTests.feature(cucumber.api.testng.CucumberFeatureWrapper)[pri:0, instance:com.cucumber.TestRunner.CreateNewUserRunner@29647f75]" name="feature" class="cucumber.api.testng.AbstractTestNGCucumberTests"/>
      </group> <!-- cucumber -->
    </groups>
    <test started-at="2024-02-08T11:14:52Z" name="CreateNewUserr" finished-at="2024-02-08T11:24:47Z" duration-ms="594649">
      <class name="com.cucumber.TestRunner.CreateNewUserRunner">
        <test-method is-config="true" signature="setUpClass()[pri:0, instance:com.cucumber.TestRunner.CreateNewUserRunner@29647f75]" started-at="2024-02-08T16:44:52Z" name="setUpClass" finished-at="2024-02-08T16:44:52Z" duration-ms="141" status="PASS">
          <reporter-output>
            <line>
              <![CDATA[Completed executing following method : AbstractTestNGCucumberTests.setUpClass]]>
            </line>
          </reporter-output>
        </test-method> <!-- setUpClass -->
        <test-method is-config="true" signature="beforeclass(java.lang.String)[pri:0, instance:com.cucumber.TestRunner.CreateNewUserRunner@29647f75]" started-at="2024-02-08T16:44:52Z" name="beforeclass" finished-at="2024-02-08T16:44:57Z" duration-ms="4514" status="PASS">
          <params>
            <param index="0">
              <value>
                <![CDATA[chrome]]>
              </value>
            </param>
          </params>
          <reporter-output>
            <line>
              <![CDATA[Completed executing following method : CreateNewUserRunner.beforeclass]]>
            </line>
          </reporter-output>
        </test-method> <!-- beforeclass -->
        <test-method signature="feature(cucumber.api.testng.CucumberFeatureWrapper)[pri:0, instance:com.cucumber.TestRunner.CreateNewUserRunner@29647f75]" started-at="2024-02-08T16:44:57Z" name="feature" description="Runs Cucumber Feature" data-provider="features" finished-at="2024-02-08T16:54:46Z" duration-ms="589524" status="PASS">
          <params>
            <param index="0">
              <value>
                <![CDATA[Administrator - Check the flow of Create New User]]>
              </value>
            </param>
          </params>
          <reporter-output>
            <line>
              <![CDATA[Completed executing following method : AbstractTestNGCucumberTests.feature]]>
            </line>
            <line>
              <![CDATA[Test Method resides in com.cucumber.TestRunner.CreateNewUserRunner]]>
            </line>
            <line>
              <![CDATA[Test Method had the following parameters : nullAdministrator - Check the flow of Create New User,]]>
            </line>
            <line>
              <![CDATA[Test Status: Pass]]>
            </line>
          </reporter-output>
        </test-method> <!-- feature -->
        <test-method is-config="true" signature="testDownClass()[pri:0, instance:com.cucumber.TestRunner.CreateNewUserRunner@29647f75]" started-at="2024-02-08T16:54:46Z" name="testDownClass" finished-at="2024-02-08T16:54:46Z" duration-ms="198" status="PASS">
          <reporter-output>
            <line>
              <![CDATA[Completed executing following method : CreateNewUserRunner.testDownClass]]>
            </line>
          </reporter-output>
        </test-method> <!-- testDownClass -->
        <test-method is-config="true" signature="tearDownClass()[pri:0, instance:com.cucumber.TestRunner.CreateNewUserRunner@29647f75]" started-at="2024-02-08T16:54:46Z" name="tearDownClass" finished-at="2024-02-08T16:54:47Z" duration-ms="216" status="PASS">
          <reporter-output>
            <line>
              <![CDATA[Completed executing following method : AbstractTestNGCucumberTests.tearDownClass]]>
            </line>
          </reporter-output>
        </test-method> <!-- tearDownClass -->
      </class> <!-- com.cucumber.TestRunner.CreateNewUserRunner -->
    </test> <!-- CreateNewUserr -->
  </suite> <!-- NspiraHrmsPortal -->
</testng-results>
