<?xml version="1.0" encoding="UTF-8"?>
<testng-results ignored="0" total="4" passed="4" failed="0" skipped="0">
  <reporter-output>
    <line>
      <![CDATA[About to begin executing Suite NspiraHrmsPortal]]>
    </line>
    <line>
      <![CDATA[About to begin executing Test LoginRunner]]>
    </line>
    <line>
      <![CDATA[About to begin executing following method : AbstractTestNGCucumberTests.setUpClass]]>
    </line>
    <line>
      <![CDATA[Completed executing following method : AbstractTestNGCucumberTests.setUpClass]]>
    </line>
    <line>
      <![CDATA[About to begin executing following method : LoginRunner.beforeclass]]>
    </line>
    <line>
      <![CDATA[Completed executing following method : LoginRunner.beforeclass]]>
    </line>
    <line>
      <![CDATA[About to begin executing following method : AbstractTestNGCucumberTests.feature]]>
    </line>
    <line>
      <![CDATA[Completed executing following method : AbstractTestNGCucumberTests.feature]]>
    </line>
    <line>
      <![CDATA[Test Method resides in com.cucumber.TestRunner.LoginRunner]]>
    </line>
    <line>
      <![CDATA[Test Method had the following parameters : nullLogin - Check the flow of login with valid credentials,]]>
    </line>
    <line>
      <![CDATA[Test Status: Pass]]>
    </line>
    <line>
      <![CDATA[About to begin executing following method : LoginRunner.testDownClass]]>
    </line>
    <line>
      <![CDATA[Completed executing following method : LoginRunner.testDownClass]]>
    </line>
    <line>
      <![CDATA[About to begin executing following method : AbstractTestNGCucumberTests.tearDownClass]]>
    </line>
    <line>
      <![CDATA[Completed executing following method : AbstractTestNGCucumberTests.tearDownClass]]>
    </line>
    <line>
      <![CDATA[Completed executing test LoginRunner]]>
    </line>
    <line>
      <![CDATA[About to begin executing Test CreateNewUserr]]>
    </line>
    <line>
      <![CDATA[About to begin executing following method : AbstractTestNGCucumberTests.setUpClass]]>
    </line>
    <line>
      <![CDATA[Completed executing following method : AbstractTestNGCucumberTests.setUpClass]]>
    </line>
    <line>
      <![CDATA[About to begin executing following method : CreateNewUserRunner.beforeclass]]>
    </line>
    <line>
      <![CDATA[Completed executing following method : CreateNewUserRunner.beforeclass]]>
    </line>
    <line>
      <![CDATA[About to begin executing following method : AbstractTestNGCucumberTests.feature]]>
    </line>
    <line>
      <![CDATA[Completed executing following method : AbstractTestNGCucumberTests.feature]]>
    </line>
    <line>
      <![CDATA[Test Method resides in com.cucumber.TestRunner.CreateNewUserRunner]]>
    </line>
    <line>
      <![CDATA[Test Method had the following parameters : nullAdministrator - Check the flow of Create New User,]]>
    </line>
    <line>
      <![CDATA[Test Status: Pass]]>
    </line>
    <line>
      <![CDATA[About to begin executing following method : CreateNewUserRunner.testDownClass]]>
    </line>
    <line>
      <![CDATA[Completed executing following method : CreateNewUserRunner.testDownClass]]>
    </line>
    <line>
      <![CDATA[About to begin executing following method : AbstractTestNGCucumberTests.tearDownClass]]>
    </line>
    <line>
      <![CDATA[Completed executing following method : AbstractTestNGCucumberTests.tearDownClass]]>
    </line>
    <line>
      <![CDATA[Completed executing test CreateNewUserr]]>
    </line>
    <line>
      <![CDATA[About to begin executing Test UserManagementDropDwn]]>
    </line>
    <line>
      <![CDATA[About to begin executing following method : AbstractTestNGCucumberTests.setUpClass]]>
    </line>
    <line>
      <![CDATA[Completed executing following method : AbstractTestNGCucumberTests.setUpClass]]>
    </line>
    <line>
      <![CDATA[About to begin executing following method : UserManagementDropDwnRunner.beforeclass]]>
    </line>
    <line>
      <![CDATA[Completed executing following method : UserManagementDropDwnRunner.beforeclass]]>
    </line>
    <line>
      <![CDATA[About to begin executing following method : AbstractTestNGCucumberTests.feature]]>
    </line>
    <line>
      <![CDATA[Completed executing following method : AbstractTestNGCucumberTests.feature]]>
    </line>
    <line>
      <![CDATA[Test Method resides in com.cucumber.TestRunner.UserManagementDropDwnRunner]]>
    </line>
    <line>
      <![CDATA[Test Method had the following parameters : nullAdministrator - Check the flow of all User Management Drop Down Handle,]]>
    </line>
    <line>
      <![CDATA[Test Status: Pass]]>
    </line>
    <line>
      <![CDATA[About to begin executing following method : UserManagementDropDwnRunner.testDownClass]]>
    </line>
    <line>
      <![CDATA[Completed executing following method : UserManagementDropDwnRunner.testDownClass]]>
    </line>
    <line>
      <![CDATA[About to begin executing following method : AbstractTestNGCucumberTests.tearDownClass]]>
    </line>
    <line>
      <![CDATA[Completed executing following method : AbstractTestNGCucumberTests.tearDownClass]]>
    </line>
    <line>
      <![CDATA[Completed executing test UserManagementDropDwn]]>
    </line>
    <line>
      <![CDATA[About to begin executing Test sreachUserRunner]]>
    </line>
    <line>
      <![CDATA[About to begin executing following method : AbstractTestNGCucumberTests.setUpClass]]>
    </line>
    <line>
      <![CDATA[Completed executing following method : AbstractTestNGCucumberTests.setUpClass]]>
    </line>
    <line>
      <![CDATA[About to begin executing following method : sreachUserRunner.beforeclass]]>
    </line>
    <line>
      <![CDATA[Completed executing following method : sreachUserRunner.beforeclass]]>
    </line>
    <line>
      <![CDATA[About to begin executing following method : AbstractTestNGCucumberTests.feature]]>
    </line>
    <line>
      <![CDATA[Completed executing following method : AbstractTestNGCucumberTests.feature]]>
    </line>
    <line>
      <![CDATA[Test Method resides in com.cucumber.TestRunner.sreachUserRunner]]>
    </line>
    <line>
      <![CDATA[Test Method had the following parameters : nullAdministrator - Search User,]]>
    </line>
    <line>
      <![CDATA[Test Status: Pass]]>
    </line>
    <line>
      <![CDATA[About to begin executing following method : sreachUserRunner.testDownClass]]>
    </line>
    <line>
      <![CDATA[Completed executing following method : sreachUserRunner.testDownClass]]>
    </line>
    <line>
      <![CDATA[About to begin executing following method : AbstractTestNGCucumberTests.tearDownClass]]>
    </line>
    <line>
      <![CDATA[Completed executing following method : AbstractTestNGCucumberTests.tearDownClass]]>
    </line>
  </reporter-output>
  <suite started-at="2024-02-12T10:15:35 IST" name="NspiraHrmsPortal" finished-at="2024-02-12T10:18:53 IST" duration-ms="198197">
    <groups>
      <group name="cucumber">
        <method signature="AbstractTestNGCucumberTests.feature(cucumber.api.testng.CucumberFeatureWrapper)[pri:0, instance:com.cucumber.TestRunner.LoginRunner@23e84203]" name="feature" class="cucumber.api.testng.AbstractTestNGCucumberTests"/>
        <method signature="AbstractTestNGCucumberTests.feature(cucumber.api.testng.CucumberFeatureWrapper)[pri:0, instance:com.cucumber.TestRunner.CreateNewUserRunner@3cce5371]" name="feature" class="cucumber.api.testng.AbstractTestNGCucumberTests"/>
        <method signature="AbstractTestNGCucumberTests.feature(cucumber.api.testng.CucumberFeatureWrapper)[pri:0, instance:com.cucumber.TestRunner.UserManagementDropDwnRunner@48e1f6c7]" name="feature" class="cucumber.api.testng.AbstractTestNGCucumberTests"/>
        <method signature="AbstractTestNGCucumberTests.feature(cucumber.api.testng.CucumberFeatureWrapper)[pri:0, instance:com.cucumber.TestRunner.sreachUserRunner@65f8f5ae]" name="feature" class="cucumber.api.testng.AbstractTestNGCucumberTests"/>
      </group> <!-- cucumber -->
    </groups>
    <test started-at="2024-02-12T10:15:35 IST" name="LoginRunner" finished-at="2024-02-12T10:15:51 IST" duration-ms="15884">
      <class name="com.cucumber.TestRunner.LoginRunner">
        <test-method is-config="true" signature="setUpClass()[pri:0, instance:com.cucumber.TestRunner.LoginRunner@23e84203]" started-at="2024-02-12T10:15:35 IST" name="setUpClass" finished-at="2024-02-12T10:15:35 IST" duration-ms="197" status="PASS">
          <reporter-output>
            <line>
              <![CDATA[Completed executing following method : AbstractTestNGCucumberTests.setUpClass]]>
            </line>
          </reporter-output>
        </test-method> <!-- setUpClass -->
        <test-method is-config="true" signature="beforeclass(java.lang.String)[pri:0, instance:com.cucumber.TestRunner.LoginRunner@23e84203]" started-at="2024-02-12T10:15:35 IST" name="beforeclass" finished-at="2024-02-12T10:15:39 IST" duration-ms="4059" status="PASS">
          <params>
            <param index="0">
              <value>
                <![CDATA[chrome]]>
              </value>
            </param>
          </params>
          <reporter-output>
            <line>
              <![CDATA[Completed executing following method : LoginRunner.beforeclass]]>
            </line>
          </reporter-output>
        </test-method> <!-- beforeclass -->
        <test-method signature="feature(cucumber.api.testng.CucumberFeatureWrapper)[pri:0, instance:com.cucumber.TestRunner.LoginRunner@23e84203]" started-at="2024-02-12T10:15:39 IST" name="feature" description="Runs Cucumber Feature" data-provider="features" finished-at="2024-02-12T10:15:50 IST" duration-ms="10914" status="PASS">
          <params>
            <param index="0">
              <value>
                <![CDATA[Login - Check the flow of login with valid credentials]]>
              </value>
            </param>
          </params>
          <reporter-output>
            <line>
              <![CDATA[About to begin executing following method : AbstractTestNGCucumberTests.feature]]>
            </line>
            <line>
              <![CDATA[Completed executing following method : AbstractTestNGCucumberTests.feature]]>
            </line>
            <line>
              <![CDATA[Test Method resides in com.cucumber.TestRunner.LoginRunner]]>
            </line>
            <line>
              <![CDATA[Test Method had the following parameters : nullLogin - Check the flow of login with valid credentials,]]>
            </line>
            <line>
              <![CDATA[Test Status: Pass]]>
            </line>
          </reporter-output>
        </test-method> <!-- feature -->
        <test-method is-config="true" signature="testDownClass()[pri:0, instance:com.cucumber.TestRunner.LoginRunner@23e84203]" started-at="2024-02-12T10:15:50 IST" name="testDownClass" finished-at="2024-02-12T10:15:50 IST" duration-ms="194" status="PASS">
          <reporter-output>
            <line>
              <![CDATA[Completed executing following method : LoginRunner.testDownClass]]>
            </line>
          </reporter-output>
        </test-method> <!-- testDownClass -->
        <test-method is-config="true" signature="tearDownClass()[pri:0, instance:com.cucumber.TestRunner.LoginRunner@23e84203]" started-at="2024-02-12T10:15:50 IST" name="tearDownClass" finished-at="2024-02-12T10:15:51 IST" duration-ms="428" status="PASS">
          <reporter-output>
            <line>
              <![CDATA[Completed executing following method : AbstractTestNGCucumberTests.tearDownClass]]>
            </line>
          </reporter-output>
        </test-method> <!-- tearDownClass -->
      </class> <!-- com.cucumber.TestRunner.LoginRunner -->
    </test> <!-- LoginRunner -->
    <test started-at="2024-02-12T10:15:51 IST" name="CreateNewUserr" finished-at="2024-02-12T10:17:00 IST" duration-ms="68972">
      <class name="com.cucumber.TestRunner.CreateNewUserRunner">
        <test-method is-config="true" signature="setUpClass()[pri:0, instance:com.cucumber.TestRunner.CreateNewUserRunner@3cce5371]" started-at="2024-02-12T10:15:51 IST" name="setUpClass" finished-at="2024-02-12T10:15:51 IST" duration-ms="33" status="PASS">
          <reporter-output>
            <line>
              <![CDATA[Completed executing following method : AbstractTestNGCucumberTests.setUpClass]]>
            </line>
          </reporter-output>
        </test-method> <!-- setUpClass -->
        <test-method is-config="true" signature="beforeclass(java.lang.String)[pri:0, instance:com.cucumber.TestRunner.CreateNewUserRunner@3cce5371]" started-at="2024-02-12T10:15:51 IST" name="beforeclass" finished-at="2024-02-12T10:15:53 IST" duration-ms="2710" status="PASS">
          <params>
            <param index="0">
              <value>
                <![CDATA[chrome]]>
              </value>
            </param>
          </params>
          <reporter-output>
            <line>
              <![CDATA[Completed executing following method : CreateNewUserRunner.beforeclass]]>
            </line>
          </reporter-output>
        </test-method> <!-- beforeclass -->
        <test-method signature="feature(cucumber.api.testng.CucumberFeatureWrapper)[pri:0, instance:com.cucumber.TestRunner.CreateNewUserRunner@3cce5371]" started-at="2024-02-12T10:15:53 IST" name="feature" description="Runs Cucumber Feature" data-provider="features" finished-at="2024-02-12T10:16:59 IST" duration-ms="65970" status="PASS">
          <params>
            <param index="0">
              <value>
                <![CDATA[Administrator - Check the flow of Create New User]]>
              </value>
            </param>
          </params>
          <reporter-output>
            <line>
              <![CDATA[About to begin executing following method : AbstractTestNGCucumberTests.feature]]>
            </line>
            <line>
              <![CDATA[Completed executing following method : AbstractTestNGCucumberTests.feature]]>
            </line>
            <line>
              <![CDATA[Test Method resides in com.cucumber.TestRunner.CreateNewUserRunner]]>
            </line>
            <line>
              <![CDATA[Test Method had the following parameters : nullAdministrator - Check the flow of Create New User,]]>
            </line>
            <line>
              <![CDATA[Test Status: Pass]]>
            </line>
          </reporter-output>
        </test-method> <!-- feature -->
        <test-method is-config="true" signature="testDownClass()[pri:0, instance:com.cucumber.TestRunner.CreateNewUserRunner@3cce5371]" started-at="2024-02-12T10:16:59 IST" name="testDownClass" finished-at="2024-02-12T10:16:59 IST" duration-ms="185" status="PASS">
          <reporter-output>
            <line>
              <![CDATA[Completed executing following method : CreateNewUserRunner.testDownClass]]>
            </line>
          </reporter-output>
        </test-method> <!-- testDownClass -->
        <test-method is-config="true" signature="tearDownClass()[pri:0, instance:com.cucumber.TestRunner.CreateNewUserRunner@3cce5371]" started-at="2024-02-12T10:16:59 IST" name="tearDownClass" finished-at="2024-02-12T10:17:00 IST" duration-ms="59" status="PASS">
          <reporter-output>
            <line>
              <![CDATA[Completed executing following method : AbstractTestNGCucumberTests.tearDownClass]]>
            </line>
          </reporter-output>
        </test-method> <!-- tearDownClass -->
      </class> <!-- com.cucumber.TestRunner.CreateNewUserRunner -->
    </test> <!-- CreateNewUserr -->
    <test started-at="2024-02-12T10:17:00 IST" name="UserManagementDropDwn" finished-at="2024-02-12T10:17:54 IST" duration-ms="54363">
      <class name="com.cucumber.TestRunner.UserManagementDropDwnRunner">
        <test-method is-config="true" signature="setUpClass()[pri:0, instance:com.cucumber.TestRunner.UserManagementDropDwnRunner@48e1f6c7]" started-at="2024-02-12T10:17:00 IST" name="setUpClass" finished-at="2024-02-12T10:17:00 IST" duration-ms="15" status="PASS">
          <reporter-output>
            <line>
              <![CDATA[Completed executing following method : AbstractTestNGCucumberTests.setUpClass]]>
            </line>
          </reporter-output>
        </test-method> <!-- setUpClass -->
        <test-method is-config="true" signature="beforeclass(java.lang.String)[pri:0, instance:com.cucumber.TestRunner.UserManagementDropDwnRunner@48e1f6c7]" started-at="2024-02-12T10:17:00 IST" name="beforeclass" finished-at="2024-02-12T10:17:02 IST" duration-ms="2573" status="PASS">
          <params>
            <param index="0">
              <value>
                <![CDATA[chrome]]>
              </value>
            </param>
          </params>
          <reporter-output>
            <line>
              <![CDATA[Completed executing following method : UserManagementDropDwnRunner.beforeclass]]>
            </line>
          </reporter-output>
        </test-method> <!-- beforeclass -->
        <test-method signature="feature(cucumber.api.testng.CucumberFeatureWrapper)[pri:0, instance:com.cucumber.TestRunner.UserManagementDropDwnRunner@48e1f6c7]" started-at="2024-02-12T10:17:02 IST" name="feature" description="Runs Cucumber Feature" data-provider="features" finished-at="2024-02-12T10:17:54 IST" duration-ms="51536" status="PASS">
          <params>
            <param index="0">
              <value>
                <![CDATA[Administrator - Check the flow of all User Management Drop Down Handle]]>
              </value>
            </param>
          </params>
          <reporter-output>
            <line>
              <![CDATA[About to begin executing following method : AbstractTestNGCucumberTests.feature]]>
            </line>
            <line>
              <![CDATA[Completed executing following method : AbstractTestNGCucumberTests.feature]]>
            </line>
            <line>
              <![CDATA[Test Method resides in com.cucumber.TestRunner.UserManagementDropDwnRunner]]>
            </line>
            <line>
              <![CDATA[Test Method had the following parameters : nullAdministrator - Check the flow of all User Management Drop Down Handle,]]>
            </line>
            <line>
              <![CDATA[Test Status: Pass]]>
            </line>
          </reporter-output>
        </test-method> <!-- feature -->
        <test-method is-config="true" signature="testDownClass()[pri:0, instance:com.cucumber.TestRunner.UserManagementDropDwnRunner@48e1f6c7]" started-at="2024-02-12T10:17:54 IST" name="testDownClass" finished-at="2024-02-12T10:17:54 IST" duration-ms="186" status="PASS">
          <reporter-output>
            <line>
              <![CDATA[Completed executing following method : UserManagementDropDwnRunner.testDownClass]]>
            </line>
          </reporter-output>
        </test-method> <!-- testDownClass -->
        <test-method is-config="true" signature="tearDownClass()[pri:0, instance:com.cucumber.TestRunner.UserManagementDropDwnRunner@48e1f6c7]" started-at="2024-02-12T10:17:54 IST" name="tearDownClass" finished-at="2024-02-12T10:17:54 IST" duration-ms="47" status="PASS">
          <reporter-output>
            <line>
              <![CDATA[Completed executing following method : AbstractTestNGCucumberTests.tearDownClass]]>
            </line>
          </reporter-output>
        </test-method> <!-- tearDownClass -->
      </class> <!-- com.cucumber.TestRunner.UserManagementDropDwnRunner -->
    </test> <!-- UserManagementDropDwn -->
    <test started-at="2024-02-12T10:17:54 IST" name="sreachUserRunner" finished-at="2024-02-12T10:18:53 IST" duration-ms="58953">
      <class name="com.cucumber.TestRunner.sreachUserRunner">
        <test-method is-config="true" signature="setUpClass()[pri:0, instance:com.cucumber.TestRunner.sreachUserRunner@65f8f5ae]" started-at="2024-02-12T10:17:54 IST" name="setUpClass" finished-at="2024-02-12T10:17:54 IST" duration-ms="14" status="PASS">
          <reporter-output>
            <line>
              <![CDATA[Completed executing following method : AbstractTestNGCucumberTests.setUpClass]]>
            </line>
          </reporter-output>
        </test-method> <!-- setUpClass -->
        <test-method is-config="true" signature="beforeclass(java.lang.String)[pri:0, instance:com.cucumber.TestRunner.sreachUserRunner@65f8f5ae]" started-at="2024-02-12T10:17:54 IST" name="beforeclass" finished-at="2024-02-12T10:17:57 IST" duration-ms="3258" status="PASS">
          <params>
            <param index="0">
              <value>
                <![CDATA[chrome]]>
              </value>
            </param>
          </params>
          <reporter-output>
            <line>
              <![CDATA[Completed executing following method : sreachUserRunner.beforeclass]]>
            </line>
          </reporter-output>
        </test-method> <!-- beforeclass -->
        <test-method signature="feature(cucumber.api.testng.CucumberFeatureWrapper)[pri:0, instance:com.cucumber.TestRunner.sreachUserRunner@65f8f5ae]" started-at="2024-02-12T10:17:57 IST" name="feature" description="Runs Cucumber Feature" data-provider="features" finished-at="2024-02-12T10:18:53 IST" duration-ms="55458" status="PASS">
          <params>
            <param index="0">
              <value>
                <![CDATA[Administrator - Search User]]>
              </value>
            </param>
          </params>
          <reporter-output>
            <line>
              <![CDATA[About to begin executing following method : AbstractTestNGCucumberTests.feature]]>
            </line>
            <line>
              <![CDATA[Completed executing following method : AbstractTestNGCucumberTests.feature]]>
            </line>
            <line>
              <![CDATA[Test Method resides in com.cucumber.TestRunner.sreachUserRunner]]>
            </line>
            <line>
              <![CDATA[Test Method had the following parameters : nullAdministrator - Search User,]]>
            </line>
            <line>
              <![CDATA[Test Status: Pass]]>
            </line>
          </reporter-output>
        </test-method> <!-- feature -->
        <test-method is-config="true" signature="testDownClass()[pri:0, instance:com.cucumber.TestRunner.sreachUserRunner@65f8f5ae]" started-at="2024-02-12T10:18:53 IST" name="testDownClass" finished-at="2024-02-12T10:18:53 IST" duration-ms="178" status="PASS">
          <reporter-output>
            <line>
              <![CDATA[Completed executing following method : sreachUserRunner.testDownClass]]>
            </line>
          </reporter-output>
        </test-method> <!-- testDownClass -->
        <test-method is-config="true" signature="tearDownClass()[pri:0, instance:com.cucumber.TestRunner.sreachUserRunner@65f8f5ae]" started-at="2024-02-12T10:18:53 IST" name="tearDownClass" finished-at="2024-02-12T10:18:53 IST" duration-ms="40" status="PASS">
          <reporter-output>
            <line>
              <![CDATA[Completed executing following method : AbstractTestNGCucumberTests.tearDownClass]]>
            </line>
          </reporter-output>
        </test-method> <!-- tearDownClass -->
      </class> <!-- com.cucumber.TestRunner.sreachUserRunner -->
    </test> <!-- sreachUserRunner -->
  </suite> <!-- NspiraHrmsPortal -->
</testng-results>
